{
  "0 debug pnpm:scope": {
    "selected": 1
  },
  "1 debug pnpm:package-manifest": {
    "initial": {
      "name": "lru-send",
      "version": "1.0.0",
      "description": "",
      "main": "index.js",
      "scripts": {
        "test": "echo \"Error: no test specified\" && exit 1"
      },
      "repository": {
        "type": "git",
        "url": "git+https://github.com/tinyhttp/lru-send.git"
      },
      "keywords": [],
      "author": "",
      "license": "ISC",
      "bugs": {
        "url": "https://github.com/tinyhttp/lru-send/issues"
      },
      "homepage": "https://github.com/tinyhttp/lru-send#readme"
    },
    "prefix": "/home/v1rtl/Coding/tinyhttp/lru-send"
  },
  "2 debug pnpm:context": {
    "currentLockfileExists": false,
    "storeDir": "/home/v1rtl/.pnpm-store/v3",
    "virtualStoreDir": "/home/v1rtl/Coding/tinyhttp/lru-send/node_modules/.pnpm"
  },
  "3 debug pnpm:stage": {
    "prefix": "/home/v1rtl/Coding/tinyhttp/lru-send",
    "stage": "resolution_started"
  },
  "4 error pnpm": {
    "code": "ERR_PNPM_FETCH_404",
    "hint": "@typescript-eslint/plugin is not in the npm registry, or you have no permission to fetch it.\n\nAn authorization header was used: Bearer 211e[hidden]",
    "request": {
      "authHeaderValue": "Bearer 211ee5b9-5c28-464c-b329-131f01150a46",
      "url": "https://registry.npmjs.org/@typescript-eslint%2Fplugin"
    },
    "response": {
      "size": 0,
      "timeout": 60000
    },
    "pkgName": "@typescript-eslint/plugin",
    "pkgsStack": [],
    "err": {
      "name": "Error",
      "message": "GET https://registry.npmjs.org/@typescript-eslint%2Fplugin: Not Found - 404",
      "code": "ERR_PNPM_FETCH_404",
      "stack": "Error: GET https://registry.npmjs.org/@typescript-eslint%2Fplugin: Not Found - 404\n    at RetryOperation._fn (/home/v1rtl/n/pnpm-global/5/node_modules/.pnpm/pnpm@6.8.0/node_modules/pnpm/dist/pnpm.cjs:78997:18)\n    at processTicksAndRejections (internal/process/task_queues.js:95:5)"
    }
  }
}